Starting videoreg service...
I, [2012-06-28T00:35:09.629372 #13409]  INFO -- : Starting command 'run' for device: 'all'...
I, [2012-06-28T00:35:09.629733 #13409]  INFO -- : Starting continuous registration from device /dev/video0...
I, [2012-06-28T00:35:09.629988 #13409]  INFO -- : Starting continuous registration from device /dev/video1...
I, [2012-06-28T00:35:09.630077 #13409]  INFO -- : Starting the continuous capture...
I, [2012-06-28T00:35:09.630648 #13409]  INFO -- : Waiting for registrar (/dev/video0) to finish the part (/tmp/video0/20120628-003509630-video0.avi)...
I, [2012-06-28T00:35:09.630799 #13409]  INFO -- : Spawning a new thread and process to capture video from device '/dev/video0'...
E, [2012-06-28T00:35:09.631013 #13409] ERROR -- : Lockfile already exists '/tmp/videoreg.video0.lock'...
I, [2012-06-28T00:35:09.631261 #13409]  INFO -- : Registrar (/dev/video0) has failed to capture the part (/tmp/video0/20120628-003509631-video0.avi)...
I, [2012-06-28T00:35:09.631414 #13409]  INFO -- : Releasing registrar's /dev/video0 lock file /tmp/videoreg.video0.lock...
I, [2012-06-28T00:35:09.634570 #13409]  INFO -- : Starting the continuous capture...
I, [2012-06-28T00:35:09.634859 #13409]  INFO -- : Waiting for registrar (/dev/video1) to finish the part (/tmp/video1/20120628-003509634-video1.avi)...
I, [2012-06-28T00:35:09.634922 #13409]  INFO -- : Spawning a new thread and process to capture video from device '/dev/video1'...
E, [2012-06-28T00:35:09.635038 #13409] ERROR -- : Lockfile already exists '/tmp/videoreg.video1.lock'...
I, [2012-06-28T00:35:09.635143 #13409]  INFO -- : Registrar (/dev/video1) has failed to capture the part (/tmp/video1/20120628-003509635-video1.avi)...
I, [2012-06-28T00:35:09.635220 #13409]  INFO -- : Releasing registrar's /dev/video1 lock file /tmp/videoreg.video1.lock...
Starting videoreg service...
I, [2012-06-28T00:35:45.331837 #13453]  INFO -- : Starting command 'clear' for device: 'all'...
I, [2012-06-28T00:35:45.332187 #13453]  INFO -- : Removing lockfile /tmp/videoreg.video0.lock...
I, [2012-06-28T00:35:45.332455 #13453]  INFO -- : Removing lockfile /tmp/videoreg.video1.lock...
Starting videoreg service...
I, [2012-06-28T00:36:35.488535 #13487]  INFO -- : Starting command 'run' for device: 'all'...
I, [2012-06-28T00:36:35.489393 #13487]  INFO -- : Starting continuous registration from device /dev/video0...
I, [2012-06-28T00:36:35.490104 #13487]  INFO -- : Starting continuous registration from device /dev/video1...
I, [2012-06-28T00:36:35.490346 #13487]  INFO -- : Starting the continuous capture...
I, [2012-06-28T00:36:35.490862 #13487]  INFO -- : Waiting for registrar (/dev/video0) to finish the part (/tmp/video0/20120628-003635490-video0.avi)...
I, [2012-06-28T00:36:35.491023 #13487]  INFO -- : Spawning a new thread and process to capture video from device '/dev/video0'...
I, [2012-06-28T00:36:35.491702 #13487]  INFO -- : Running the command: 'ffmpeg -r 25 -s 320x240 -f video4linux2 -r ntsc -i /dev/video0 -vcodec  mjpeg -t 30 -an -y /tmp/video0/20120628-003635491-video0.avi'...
I, [2012-06-28T00:36:35.493411 #13487]  INFO -- : Starting the continuous capture...
I, [2012-06-28T00:36:35.493742 #13487]  INFO -- : Waiting for registrar (/dev/video1) to finish the part (/tmp/video1/20120628-003635493-video1.avi)...
I, [2012-06-28T00:36:35.493826 #13487]  INFO -- : Spawning a new thread and process to capture video from device '/dev/video1'...
I, [2012-06-28T00:36:35.494077 #13487]  INFO -- : Running the command: 'ffmpeg -r 25 -s 320x240 -f video4linux2 -r ntsc -i /dev/video1 -vcodec  mjpeg -t 30 -an -y /tmp/video1/20120628-003635494-video1.avi'...
I, [2012-06-28T00:36:35.495797 #13487]  INFO -- : Locking registrar's /dev/video0 (PID: 13492) lock file /tmp/videoreg.video0.lock...
I, [2012-06-28T00:36:35.496009 #13487]  INFO -- : Locking registrar's /dev/video1 (PID: 13495) lock file /tmp/videoreg.video1.lock...
Trying to stop videoreg...
I, [2012-06-28T00:36:42.008724 #13487]  INFO -- : Releasing registrar's /dev/video0 lock file /tmp/videoreg.video0.lock...
I, [2012-06-28T00:36:42.009130 #13487]  INFO -- : Releasing registrar's /dev/video1 lock file /tmp/videoreg.video1.lock...
Starting videoreg service...
I, [2012-06-28T00:36:56.969155 #13518]  INFO -- : Starting command 'run' for device: 'all'...
I, [2012-06-28T00:36:56.970146 #13518]  INFO -- : Starting continuous registration from device /dev/video0...
I, [2012-06-28T00:36:56.970685 #13518]  INFO -- : Starting continuous registration from device /dev/video1...
I, [2012-06-28T00:36:56.970782 #13518]  INFO -- : Starting the continuous capture...
I, [2012-06-28T00:36:56.971189 #13518]  INFO -- : Waiting for registrar (/dev/video0) to finish the part (/tmp/video0/20120628-003656971-video0.avi)...
I, [2012-06-28T00:36:56.971305 #13518]  INFO -- : Spawning a new thread and process to capture video from device '/dev/video0'...
I, [2012-06-28T00:36:56.971594 #13518]  INFO -- : Running the command: 'ffmpeg -r 25 -s 320x240 -f video4linux2 -r ntsc -i /dev/video0 -vcodec  mjpeg -t 30 -an -y /tmp/video0/20120628-003656971-video0.avi'...
I, [2012-06-28T00:36:56.973710 #13518]  INFO -- : Starting the continuous capture...
I, [2012-06-28T00:36:56.974164 #13518]  INFO -- : Waiting for registrar (/dev/video1) to finish the part (/tmp/video1/20120628-003656974-video1.avi)...
I, [2012-06-28T00:36:56.974294 #13518]  INFO -- : Spawning a new thread and process to capture video from device '/dev/video1'...
I, [2012-06-28T00:36:56.974908 #13518]  INFO -- : Running the command: 'ffmpeg -r 25 -s 320x240 -f video4linux2 -r ntsc -i /dev/video1 -vcodec  mjpeg -t 30 -an -y /tmp/video1/20120628-003656974-video1.avi'...
I, [2012-06-28T00:36:56.976573 #13518]  INFO -- : Locking registrar's /dev/video0 (PID: 13523) lock file /tmp/videoreg.video0.lock...
I, [2012-06-28T00:36:56.977735 #13518]  INFO -- : Locking registrar's /dev/video1 (PID: 13526) lock file /tmp/videoreg.video1.lock...
Trying to stop videoreg...
I, [2012-06-28T00:37:04.486916 #13518]  INFO -- : Releasing registrar's /dev/video0 lock file /tmp/videoreg.video0.lock...
I, [2012-06-28T00:37:04.487089 #13518]  INFO -- : Releasing registrar's /dev/video1 lock file /tmp/videoreg.video1.lock...
